mode: set
about/handlerstatic.go:9.58,14.16 3 1
about/handlerstatic.go:14.16,17.38 2 1
about/handlerstatic.go:35.3,37.42 2 1
about/handlerstatic.go:17.38,19.4 1 1
about/handlerstatic.go:19.9,19.46 1 1
about/handlerstatic.go:19.46,21.4 1 0
about/handlerstatic.go:21.9,21.47 1 1
about/handlerstatic.go:21.47,23.4 1 0
about/handlerstatic.go:23.9,23.44 1 1
about/handlerstatic.go:23.44,25.4 1 0
about/handlerstatic.go:25.9,25.45 1 1
about/handlerstatic.go:25.45,27.4 1 0
about/handlerstatic.go:27.9,27.45 1 1
about/handlerstatic.go:27.45,29.4 1 1
about/handlerstatic.go:29.9,29.45 1 0
about/handlerstatic.go:29.45,31.4 1 0
about/handlerstatic.go:31.9,33.4 1 0
about/handlerstatic.go:37.42,38.14 1 0
about/handlerstatic.go:40.8,41.28 1 0
about/main.go:29.13,32.19 2 0
about/main.go:35.2,57.33 13 0
about/main.go:32.19,34.3 1 0
about/main.go:60.31,72.2 11 0
about/main.go:74.66,75.15 1 0
about/main.go:78.59,79.27 1 0
about/notfounderror.go:8.44,10.2 1 0
about/notfounderror.go:13.31,15.2 1 0
about/recoverwrapper.go:12.47,13.71 1 0
about/recoverwrapper.go:13.71,15.16 2 0
about/recoverwrapper.go:67.3,67.20 1 0
about/recoverwrapper.go:15.16,17.16 2 0
about/recoverwrapper.go:17.16,18.26 1 0
about/recoverwrapper.go:26.5,29.11 3 0
about/recoverwrapper.go:62.5,62.20 1 0
about/recoverwrapper.go:19.17,20.25 1 0
about/recoverwrapper.go:21.16,22.13 1 0
about/recoverwrapper.go:23.13,24.39 1 0
about/recoverwrapper.go:29.11,33.20 3 0
about/recoverwrapper.go:38.6,40.20 3 0
about/recoverwrapper.go:44.6,44.12 1 0
about/recoverwrapper.go:33.20,36.7 2 0
about/recoverwrapper.go:40.20,43.7 2 0
about/recoverwrapper.go:45.11,50.20 4 0
about/recoverwrapper.go:54.6,56.20 3 0
about/recoverwrapper.go:50.20,53.7 2 0
about/recoverwrapper.go:56.20,59.7 2 0
about/recoverwrapper.go:71.28,76.2 4 0
about/cachewrapper.go:10.61,11.71 1 0
about/cachewrapper.go:11.71,14.37 3 0
about/cachewrapper.go:21.3,21.17 1 0
about/cachewrapper.go:14.37,16.4 1 0
about/cachewrapper.go:16.9,19.4 2 0
about/cachewrapper.go:21.17,23.59 2 0
about/cachewrapper.go:29.4,31.21 3 0
about/cachewrapper.go:23.59,24.43 1 0
about/cachewrapper.go:24.43,27.6 2 0
about/cachewrapper.go:32.9,33.29 1 0
about/handlerfavicon.go:8.54,16.2 5 0
about/handlerroot.go:9.58,13.23 2 0
about/handlerroot.go:18.2,19.16 2 0
about/handlerroot.go:23.2,25.16 3 0
about/handlerroot.go:13.23,15.28 2 0
about/handlerroot.go:19.16,20.28 1 0
about/handlerroot.go:21.3,21.9 1 0
about/handlerroot.go:25.16,28.13 3 0
about/handlerroot.go:29.3,29.9 1 0
